compile C:/Users/REDWAN~1/AppData/Local/Temp/hemtt/Arma 3 Mod Development_Unit-Voice-Overs-AET-AiO/asc/output/uvo_amer/throwables.sqfc
compile C:/Users/REDWAN~1/AppData/Local/Temp/hemtt/Arma 3 Mod Development_Unit-Voice-Overs-AET-AiO/asc/output/z/uvo/addons/main/cba_settings.sqfc
compile C:/Users/REDWAN~1/AppData/Local/Temp/hemtt/Arma 3 Mod Development_Unit-Voice-Overs-AET-AiO/asc/output/z/uvo/addons/main/deprecated/fnc_createNationality.sqfc
compile C:/Users/REDWAN~1/AppData/Local/Temp/hemtt/Arma 3 Mod Development_Unit-Voice-Overs-AET-AiO/asc/output/z/uvo/addons/main/deprecated/fnc_setNationality.sqfc
compile C:/Users/REDWAN~1/AppData/Local/Temp/hemtt/Arma 3 Mod Development_Unit-Voice-Overs-AET-AiO/asc/output/z/uvo/addons/main/deprecated/fnc_createNationalityFromConfig.sqfc
compile C:/Users/REDWAN~1/AppData/Local/Temp/hemtt/Arma 3 Mod Development_Unit-Voice-Overs-AET-AiO/asc/output/z/uvo/addons/main/functions/fnc_calloutDir.sqfc
compile C:/Users/REDWAN~1/AppData/Local/Temp/hemtt/Arma 3 Mod Development_Unit-Voice-Overs-AET-AiO/asc/output/z/uvo/addons/main/functions/fnc_compileVoice.sqfc
compile C:/Users/REDWAN~1/AppData/Local/Temp/hemtt/Arma 3 Mod Development_Unit-Voice-Overs-AET-AiO/asc/output/z/uvo/addons/main/functions/fnc_initPost.sqfc
compile compile compile compile compile C:/Users/REDWAN~1/AppData/Local/Temp/hemtt/Arma 3 Mod Development_Unit-Voice-Overs-AET-AiO/asc/output/z/uvo/addons/main/functions/fnc_addThrowableTypes.sqfc
C:/Users/REDWAN~1/AppData/Local/Temp/hemtt/Arma 3 Mod Development_Unit-Voice-Overs-AET-AiO/asc/output/z/uvo/addons/main/functions/fnc_killed.sqfc
C:/Users/REDWAN~1/AppData/Local/Temp/hemtt/Arma 3 Mod Development_Unit-Voice-Overs-AET-AiO/asc/output/z/uvo/addons/main/functions/fnc_reloaded.sqfc
C:/Users/REDWAN~1/AppData/Local/Temp/hemtt/Arma 3 Mod Development_Unit-Voice-Overs-AET-AiO/asc/output/z/uvo/addons/main/functions/fnc_register.sqfccompile 
C:/Users/REDWAN~1/AppData/Local/Temp/hemtt/Arma 3 Mod Development_Unit-Voice-Overs-AET-AiO/asc/output/z/uvo/addons/main/functions/fnc_allyDown.sqfc
compile C:/Users/REDWAN~1/AppData/Local/Temp/hemtt/Arma 3 Mod Development_Unit-Voice-Overs-AET-AiO/asc/output/z/uvo/addons/main/functions/fnc_confirmKill.sqfc
compile C:/Users/REDWAN~1/AppData/Local/Temp/hemtt/Arma 3 Mod Development_Unit-Voice-Overs-AET-AiO/asc/output/z/uvo/addons/main/functions/fnc_firedMan.sqfc
compile C:/Users/REDWAN~1/AppData/Local/Temp/hemtt/Arma 3 Mod Development_Unit-Voice-Overs-AET-AiO/asc/output/z/uvo/addons/main/functions/fnc_hit.sqfc
C:/Users/REDWAN~1/AppData/Local/Temp/hemtt/Arma 3 Mod Development_Unit-Voice-Overs-AET-AiO/asc/output/z/uvo/addons/main/functions/fnc_add.sqfc
compile C:/Users/REDWAN~1/AppData/Local/Temp/hemtt/Arma 3 Mod Development_Unit-Voice-Overs-AET-AiO/asc/output/z/uvo/addons/main/functions/fnc_speak.sqfc
compile C:/Users/REDWAN~1/AppData/Local/Temp/hemtt/Arma 3 Mod Development_Unit-Voice-Overs-AET-AiO/asc/output/z/uvo/addons/main/functions/fnc_remove.sqfc
compile C:/Users/REDWAN~1/AppData/Local/Temp/hemtt/Arma 3 Mod Development_Unit-Voice-Overs-AET-AiO/asc/output/z/uvo/addons/main/XEH_postInit.sqfc
compile C:/Users/REDWAN~1/AppData/Local/Temp/hemtt/Arma 3 Mod Development_Unit-Voice-Overs-AET-AiO/asc/output/z/uvo/addons/main/throwables.sqfc
compile compile C:/Users/REDWAN~1/AppData/Local/Temp/hemtt/Arma 3 Mod Development_Unit-Voice-Overs-AET-AiO/asc/output/z/uvo/addons/uas/cba_settings.sqfc
C:/Users/REDWAN~1/AppData/Local/Temp/hemtt/Arma 3 Mod Development_Unit-Voice-Overs-AET-AiO/asc/output/z/uvo/addons/main/XEH_preStart.sqfc
compile C:/Users/REDWAN~1/AppData/Local/Temp/hemtt/Arma 3 Mod Development_Unit-Voice-Overs-AET-AiO/asc/output/z/uvo/addons/uas/XEH_preInit.sqfc
compile C:/Users/REDWAN~1/AppData/Local/Temp/hemtt/Arma 3 Mod Development_Unit-Voice-Overs-AET-AiO/asc/output/z/uvo/addons/uas/XEH_postInit.sqfc
compile compile C:/Users/REDWAN~1/AppData/Local/Temp/hemtt/Arma 3 Mod Development_Unit-Voice-Overs-AET-AiO/asc/output/z/uvo/addons/uas/functions/fnc_clockwork.sqfc
C:/Users/REDWAN~1/AppData/Local/Temp/hemtt/Arma 3 Mod Development_Unit-Voice-Overs-AET-AiO/asc/output/z/uvo/addons/uas/functions/fnc_register.sqfc
compile C:/Users/REDWAN~1/AppData/Local/Temp/hemtt/Arma 3 Mod Development_Unit-Voice-Overs-AET-AiO/asc/output/z/uvo/addons/uas/functions/fnc_groupIteration.sqfc
compile C:/Users/REDWAN~1/AppData/Local/Temp/hemtt/Arma 3 Mod Development_Unit-Voice-Overs-AET-AiO/asc/output/z/uvo/addons/uas/functions/fnc_unitIteration.sqfc
compile C:/Users/REDWAN~1/AppData/Local/Temp/hemtt/Arma 3 Mod Development_Unit-Voice-Overs-AET-AiO/asc/output/z/uvo/addons/main/XEH_preInit.sqfc
compile C:/Users/REDWAN~1/AppData/Local/Temp/hemtt/Arma 3 Mod Development_Unit-Voice-Overs-AET-AiO/asc/output/z/uvo/addons/main/functions/fnc_thrownFrag.sqfc
compile C:/Users/REDWAN~1/AppData/Local/Temp/hemtt/Arma 3 Mod Development_Unit-Voice-Overs-AET-AiO/asc/output/z/uvo/addons/main/functions/fnc_suppressionLoop.sqfc
