2024-09-01T20:02:31.844316Z TRACE ThreadId(01) (ThreadId(1)) park without timeout    
2024-09-01T20:02:31.844554Z TRACE ThreadId(02) (ThreadId(2)) start runtime::block_on    
2024-09-01T20:02:31.844978Z TRACE ThreadId(01) wait at most 30s    
2024-09-01T20:02:31.845023Z TRACE ThreadId(01) (ThreadId(1)) park timeout 29.9999932s    
2024-09-01T20:02:31.845184Z TRACE ThreadId(02) checkout waiting for idle connection: ("https", api.github.com)
2024-09-01T20:02:31.845293Z DEBUG ThreadId(02) starting new connection: https://api.github.com/    
2024-09-01T20:02:31.845360Z TRACE ThreadId(02) Http::connect; scheme=Some("https"), host=Some("api.github.com"), port=None
2024-09-01T20:02:31.845639Z DEBUG ThreadId(03) resolving host="api.github.com"
2024-09-01T20:02:31.913432Z DEBUG ThreadId(02) connecting to 140.82.121.5:443
2024-09-01T20:02:32.010307Z DEBUG ThreadId(02) connected to 140.82.121.5:443
2024-09-01T20:02:32.217546Z TRACE ThreadId(02) http1 handshake complete, spawning background dispatcher task
2024-09-01T20:02:32.217674Z TRACE ThreadId(02) checkout dropped for ("https", api.github.com)
2024-09-01T20:02:32.427238Z TRACE ThreadId(01) wait at most 30s    
2024-09-01T20:02:32.427274Z TRACE ThreadId(01) (ThreadId(1)) park timeout 29.9999903s    
2024-09-01T20:02:32.427393Z TRACE ThreadId(01) (ThreadId(1)) park timeout 29.9998729s    
2024-09-01T20:02:32.427458Z TRACE ThreadId(01) (ThreadId(1)) park timeout 29.9998079s    
2024-09-01T20:02:32.427561Z TRACE ThreadId(01) (ThreadId(1)) park timeout 29.9997042s    
2024-09-01T20:02:32.427620Z TRACE ThreadId(01) (ThreadId(1)) park timeout 29.9996459s    
2024-09-01T20:02:32.427656Z TRACE ThreadId(01) (ThreadId(1)) park timeout 29.9996084s    
2024-09-01T20:02:32.427700Z TRACE ThreadId(02) put; add idle connection for ("https", api.github.com)
2024-09-01T20:02:32.427722Z DEBUG ThreadId(02) pooling idle connection for ("https", api.github.com)
2024-09-01T20:02:32.465467Z TRACE ThreadId(01) closing runtime thread (ThreadId(2))    
2024-09-01T20:02:32.465488Z TRACE ThreadId(01) signaled close for runtime thread (ThreadId(2))    
2024-09-01T20:02:32.465549Z TRACE ThreadId(02) (ThreadId(2)) Receiver is shutdown    
2024-09-01T20:02:32.465581Z TRACE ThreadId(02) (ThreadId(2)) end runtime::block_on    
2024-09-01T20:02:32.466003Z TRACE ThreadId(02) (ThreadId(2)) finished    
2024-09-01T20:02:32.466107Z TRACE ThreadId(01) closed runtime thread (ThreadId(2))    
2024-09-01T20:02:32.472059Z TRACE ThreadId(01) version: 1.12.5
2024-09-01T20:02:32.472077Z TRACE ThreadId(01) platform: windows
2024-09-01T20:02:32.472088Z TRACE ThreadId(01) args: [
    "C:\\Users\\Redwan S\\AppData\\Local\\Microsoft\\WinGet\\Packages\\BrettMayson.HEMTT_Microsoft.Winget.Source_8wekyb3d8bbwe\\hemtt.exe",
    "launch",
]
2024-09-01T20:02:32.481328Z TRACE ThreadId(01) launch config: LaunchOptions { extends: None, workshop: ["450814997", "463939057", "2369477168", "1779063631"], dlc: [], presets: [], optionals: [], mission: None, parameters: ["-window", "-noPause", "-noPauseAudio"], executable: None }
2024-09-01T20:02:32.491093Z DEBUG ThreadId(01) Arma 3 found at: C:\Program Files (x86)\Steam\steamapps\common\Arma 3
2024-09-01T20:02:32.492650Z TRACE ThreadId(01) using temporary folder: "C:\\Users\\REDWAN~1\\AppData\\Local\\Temp\\hemtt\\Arma 3 Mod Development_Unit-Voice-Overs-AET-AiO"
2024-09-01T20:02:32.492685Z TRACE ThreadId(01) using project folder: "C:\\Arma 3 Mod Development\\Unit-Voice-Overs-AET-AiO"
2024-09-01T20:02:32.492699Z TRACE ThreadId(01) using out folder: "C:\\Arma 3 Mod Development\\Unit-Voice-Overs-AET-AiO\\.hemttout"
2024-09-01T20:02:32.493459Z TRACE ThreadId(01) using build folder: "C:\\Arma 3 Mod Development\\Unit-Voice-Overs-AET-AiO\\.hemttout\\dev"
2024-09-01T20:02:32.499726Z TRACE ThreadId(01) Prefix: VfsPath { path: "/addons/uvo_russ/$PREFIX$", fs: VFS { fs: OverlayFS { layers: [VfsPath { path: "", fs: VFS { fs: In Memory File System } }, VfsPath { path: "", fs: VFS { fs: AltrootFS { root: VfsPath { path: "", fs: VFS { fs: PhysicalFS { root: "C:\\Users\\REDWAN~1\\AppData\\Local\\Temp\\hemtt\\Arma 3 Mod Development_Unit-Voice-Overs-AET-AiO\\output" } } } } } }, VfsPath { path: "", fs: VFS { fs: AltrootFS { root: VfsPath { path: "", fs: VFS { fs: PhysicalFS { root: "C:\\Arma 3 Mod Development\\Unit-Voice-Overs-AET-AiO" } } } } } }] } } }
2024-09-01T20:02:32.500445Z TRACE ThreadId(01) config.cpp: VfsPath { path: "/addons/uvo_russ/config.cpp", fs: VFS { fs: OverlayFS { layers: [VfsPath { path: "", fs: VFS { fs: In Memory File System } }, VfsPath { path: "", fs: VFS { fs: AltrootFS { root: VfsPath { path: "", fs: VFS { fs: PhysicalFS { root: "C:\\Users\\REDWAN~1\\AppData\\Local\\Temp\\hemtt\\Arma 3 Mod Development_Unit-Voice-Overs-AET-AiO\\output" } } } } } }, VfsPath { path: "", fs: VFS { fs: AltrootFS { root: VfsPath { path: "", fs: VFS { fs: PhysicalFS { root: "C:\\Arma 3 Mod Development\\Unit-Voice-Overs-AET-AiO" } } } } } }] } } }
2024-09-01T20:02:32.739083Z TRACE ThreadId(01) config.cpp: VfsPath { path: "/addons/uvo_germ/config.cpp", fs: VFS { fs: OverlayFS { layers: [VfsPath { path: "", fs: VFS { fs: In Memory File System } }, VfsPath { path: "", fs: VFS { fs: AltrootFS { root: VfsPath { path: "", fs: VFS { fs: PhysicalFS { root: "C:\\Users\\REDWAN~1\\AppData\\Local\\Temp\\hemtt\\Arma 3 Mod Development_Unit-Voice-Overs-AET-AiO\\output" } } } } } }, VfsPath { path: "", fs: VFS { fs: AltrootFS { root: VfsPath { path: "", fs: VFS { fs: PhysicalFS { root: "C:\\Arma 3 Mod Development\\Unit-Voice-Overs-AET-AiO" } } } } } }] } } }
2024-09-01T20:02:32.739363Z TRACE ThreadId(01) Prefix: VfsPath { path: "/addons/uvo_germ/$PREFIX$", fs: VFS { fs: OverlayFS { layers: [VfsPath { path: "", fs: VFS { fs: In Memory File System } }, VfsPath { path: "", fs: VFS { fs: AltrootFS { root: VfsPath { path: "", fs: VFS { fs: PhysicalFS { root: "C:\\Users\\REDWAN~1\\AppData\\Local\\Temp\\hemtt\\Arma 3 Mod Development_Unit-Voice-Overs-AET-AiO\\output" } } } } } }, VfsPath { path: "", fs: VFS { fs: AltrootFS { root: VfsPath { path: "", fs: VFS { fs: PhysicalFS { root: "C:\\Arma 3 Mod Development\\Unit-Voice-Overs-AET-AiO" } } } } } }] } } }
2024-09-01T20:02:32.968436Z TRACE ThreadId(01) config.cpp: VfsPath { path: "/addons/uvo_brit/config.cpp", fs: VFS { fs: OverlayFS { layers: [VfsPath { path: "", fs: VFS { fs: In Memory File System } }, VfsPath { path: "", fs: VFS { fs: AltrootFS { root: VfsPath { path: "", fs: VFS { fs: PhysicalFS { root: "C:\\Users\\REDWAN~1\\AppData\\Local\\Temp\\hemtt\\Arma 3 Mod Development_Unit-Voice-Overs-AET-AiO\\output" } } } } } }, VfsPath { path: "", fs: VFS { fs: AltrootFS { root: VfsPath { path: "", fs: VFS { fs: PhysicalFS { root: "C:\\Arma 3 Mod Development\\Unit-Voice-Overs-AET-AiO" } } } } } }] } } }
2024-09-01T20:02:32.968594Z TRACE ThreadId(01) Prefix: VfsPath { path: "/addons/uvo_brit/$PREFIX$", fs: VFS { fs: OverlayFS { layers: [VfsPath { path: "", fs: VFS { fs: In Memory File System } }, VfsPath { path: "", fs: VFS { fs: AltrootFS { root: VfsPath { path: "", fs: VFS { fs: PhysicalFS { root: "C:\\Users\\REDWAN~1\\AppData\\Local\\Temp\\hemtt\\Arma 3 Mod Development_Unit-Voice-Overs-AET-AiO\\output" } } } } } }, VfsPath { path: "", fs: VFS { fs: AltrootFS { root: VfsPath { path: "", fs: VFS { fs: PhysicalFS { root: "C:\\Arma 3 Mod Development\\Unit-Voice-Overs-AET-AiO" } } } } } }] } } }
2024-09-01T20:02:33.148858Z TRACE ThreadId(01) Prefix: VfsPath { path: "/addons/uvo_amer/$PREFIX$", fs: VFS { fs: OverlayFS { layers: [VfsPath { path: "", fs: VFS { fs: In Memory File System } }, VfsPath { path: "", fs: VFS { fs: AltrootFS { root: VfsPath { path: "", fs: VFS { fs: PhysicalFS { root: "C:\\Users\\REDWAN~1\\AppData\\Local\\Temp\\hemtt\\Arma 3 Mod Development_Unit-Voice-Overs-AET-AiO\\output" } } } } } }, VfsPath { path: "", fs: VFS { fs: AltrootFS { root: VfsPath { path: "", fs: VFS { fs: PhysicalFS { root: "C:\\Arma 3 Mod Development\\Unit-Voice-Overs-AET-AiO" } } } } } }] } } }
2024-09-01T20:02:33.149608Z TRACE ThreadId(01) config.cpp: VfsPath { path: "/addons/uvo_amer/config.cpp", fs: VFS { fs: OverlayFS { layers: [VfsPath { path: "", fs: VFS { fs: In Memory File System } }, VfsPath { path: "", fs: VFS { fs: AltrootFS { root: VfsPath { path: "", fs: VFS { fs: PhysicalFS { root: "C:\\Users\\REDWAN~1\\AppData\\Local\\Temp\\hemtt\\Arma 3 Mod Development_Unit-Voice-Overs-AET-AiO\\output" } } } } } }, VfsPath { path: "", fs: VFS { fs: AltrootFS { root: VfsPath { path: "", fs: VFS { fs: PhysicalFS { root: "C:\\Arma 3 Mod Development\\Unit-Voice-Overs-AET-AiO" } } } } } }] } } }
2024-09-01T20:02:33.390908Z TRACE ThreadId(01) Prefix: VfsPath { path: "/addons/uvo_uas/$PREFIX$", fs: VFS { fs: OverlayFS { layers: [VfsPath { path: "", fs: VFS { fs: In Memory File System } }, VfsPath { path: "", fs: VFS { fs: AltrootFS { root: VfsPath { path: "", fs: VFS { fs: PhysicalFS { root: "C:\\Users\\REDWAN~1\\AppData\\Local\\Temp\\hemtt\\Arma 3 Mod Development_Unit-Voice-Overs-AET-AiO\\output" } } } } } }, VfsPath { path: "", fs: VFS { fs: AltrootFS { root: VfsPath { path: "", fs: VFS { fs: PhysicalFS { root: "C:\\Arma 3 Mod Development\\Unit-Voice-Overs-AET-AiO" } } } } } }] } } }
2024-09-01T20:02:33.406365Z TRACE ThreadId(01) Prefix: VfsPath { path: "/addons/CZ/$PREFIX$", fs: VFS { fs: OverlayFS { layers: [VfsPath { path: "", fs: VFS { fs: In Memory File System } }, VfsPath { path: "", fs: VFS { fs: AltrootFS { root: VfsPath { path: "", fs: VFS { fs: PhysicalFS { root: "C:\\Users\\REDWAN~1\\AppData\\Local\\Temp\\hemtt\\Arma 3 Mod Development_Unit-Voice-Overs-AET-AiO\\output" } } } } } }, VfsPath { path: "", fs: VFS { fs: AltrootFS { root: VfsPath { path: "", fs: VFS { fs: PhysicalFS { root: "C:\\Arma 3 Mod Development\\Unit-Voice-Overs-AET-AiO" } } } } } }] } } }
2024-09-01T20:02:33.406790Z TRACE ThreadId(01) config.cpp: VfsPath { path: "/addons/CZ/Config.cpp", fs: VFS { fs: OverlayFS { layers: [VfsPath { path: "", fs: VFS { fs: In Memory File System } }, VfsPath { path: "", fs: VFS { fs: AltrootFS { root: VfsPath { path: "", fs: VFS { fs: PhysicalFS { root: "C:\\Users\\REDWAN~1\\AppData\\Local\\Temp\\hemtt\\Arma 3 Mod Development_Unit-Voice-Overs-AET-AiO\\output" } } } } } }, VfsPath { path: "", fs: VFS { fs: AltrootFS { root: VfsPath { path: "", fs: VFS { fs: PhysicalFS { root: "C:\\Arma 3 Mod Development\\Unit-Voice-Overs-AET-AiO" } } } } } }] } } }
2024-09-01T20:02:33.423434Z TRACE ThreadId(01) Prefix: VfsPath { path: "/addons/uvo_sounds/$PREFIX$", fs: VFS { fs: OverlayFS { layers: [VfsPath { path: "", fs: VFS { fs: In Memory File System } }, VfsPath { path: "", fs: VFS { fs: AltrootFS { root: VfsPath { path: "", fs: VFS { fs: PhysicalFS { root: "C:\\Users\\REDWAN~1\\AppData\\Local\\Temp\\hemtt\\Arma 3 Mod Development_Unit-Voice-Overs-AET-AiO\\output" } } } } } }, VfsPath { path: "", fs: VFS { fs: AltrootFS { root: VfsPath { path: "", fs: VFS { fs: PhysicalFS { root: "C:\\Arma 3 Mod Development\\Unit-Voice-Overs-AET-AiO" } } } } } }] } } }
2024-09-01T20:02:33.575981Z TRACE ThreadId(01) config.cpp: VfsPath { path: "/addons/uvo_main/config.cpp", fs: VFS { fs: OverlayFS { layers: [VfsPath { path: "", fs: VFS { fs: In Memory File System } }, VfsPath { path: "", fs: VFS { fs: AltrootFS { root: VfsPath { path: "", fs: VFS { fs: PhysicalFS { root: "C:\\Users\\REDWAN~1\\AppData\\Local\\Temp\\hemtt\\Arma 3 Mod Development_Unit-Voice-Overs-AET-AiO\\output" } } } } } }, VfsPath { path: "", fs: VFS { fs: AltrootFS { root: VfsPath { path: "", fs: VFS { fs: PhysicalFS { root: "C:\\Arma 3 Mod Development\\Unit-Voice-Overs-AET-AiO" } } } } } }] } } }
2024-09-01T20:02:33.576261Z TRACE ThreadId(01) Prefix: VfsPath { path: "/addons/uvo_main/$PREFIX$", fs: VFS { fs: OverlayFS { layers: [VfsPath { path: "", fs: VFS { fs: In Memory File System } }, VfsPath { path: "", fs: VFS { fs: AltrootFS { root: VfsPath { path: "", fs: VFS { fs: PhysicalFS { root: "C:\\Users\\REDWAN~1\\AppData\\Local\\Temp\\hemtt\\Arma 3 Mod Development_Unit-Voice-Overs-AET-AiO\\output" } } } } } }, VfsPath { path: "", fs: VFS { fs: AltrootFS { root: VfsPath { path: "", fs: VFS { fs: PhysicalFS { root: "C:\\Arma 3 Mod Development\\Unit-Voice-Overs-AET-AiO" } } } } } }] } } }
2024-09-01T20:02:33.580764Z TRACE ThreadId(01) Prefix: VfsPath { path: "/addons/uvo_custom_POL/$PREFIX$", fs: VFS { fs: OverlayFS { layers: [VfsPath { path: "", fs: VFS { fs: In Memory File System } }, VfsPath { path: "", fs: VFS { fs: AltrootFS { root: VfsPath { path: "", fs: VFS { fs: PhysicalFS { root: "C:\\Users\\REDWAN~1\\AppData\\Local\\Temp\\hemtt\\Arma 3 Mod Development_Unit-Voice-Overs-AET-AiO\\output" } } } } } }, VfsPath { path: "", fs: VFS { fs: AltrootFS { root: VfsPath { path: "", fs: VFS { fs: PhysicalFS { root: "C:\\Arma 3 Mod Development\\Unit-Voice-Overs-AET-AiO" } } } } } }] } } }
2024-09-01T20:02:33.581379Z TRACE ThreadId(01) config.cpp: VfsPath { path: "/addons/uvo_custom_POL/config.cpp", fs: VFS { fs: OverlayFS { layers: [VfsPath { path: "", fs: VFS { fs: In Memory File System } }, VfsPath { path: "", fs: VFS { fs: AltrootFS { root: VfsPath { path: "", fs: VFS { fs: PhysicalFS { root: "C:\\Users\\REDWAN~1\\AppData\\Local\\Temp\\hemtt\\Arma 3 Mod Development_Unit-Voice-Overs-AET-AiO\\output" } } } } } }, VfsPath { path: "", fs: VFS { fs: AltrootFS { root: VfsPath { path: "", fs: VFS { fs: PhysicalFS { root: "C:\\Arma 3 Mod Development\\Unit-Voice-Overs-AET-AiO" } } } } } }] } } }
2024-09-01T20:02:33.581903Z TRACE ThreadId(01) Prefix: VfsPath { path: "/addons/uvo_custom_POL/$PBOPREFIX$", fs: VFS { fs: OverlayFS { layers: [VfsPath { path: "", fs: VFS { fs: In Memory File System } }, VfsPath { path: "", fs: VFS { fs: AltrootFS { root: VfsPath { path: "", fs: VFS { fs: PhysicalFS { root: "C:\\Users\\REDWAN~1\\AppData\\Local\\Temp\\hemtt\\Arma 3 Mod Development_Unit-Voice-Overs-AET-AiO\\output" } } } } } }, VfsPath { path: "", fs: VFS { fs: AltrootFS { root: VfsPath { path: "", fs: VFS { fs: PhysicalFS { root: "C:\\Arma 3 Mod Development\\Unit-Voice-Overs-AET-AiO" } } } } } }] } } }
2024-09-01T20:02:33.634383Z TRACE ThreadId(01) Prefix: VfsPath { path: "/addons/uvo_asia/$PREFIX$", fs: VFS { fs: OverlayFS { layers: [VfsPath { path: "", fs: VFS { fs: In Memory File System } }, VfsPath { path: "", fs: VFS { fs: AltrootFS { root: VfsPath { path: "", fs: VFS { fs: PhysicalFS { root: "C:\\Users\\REDWAN~1\\AppData\\Local\\Temp\\hemtt\\Arma 3 Mod Development_Unit-Voice-Overs-AET-AiO\\output" } } } } } }, VfsPath { path: "", fs: VFS { fs: AltrootFS { root: VfsPath { path: "", fs: VFS { fs: PhysicalFS { root: "C:\\Arma 3 Mod Development\\Unit-Voice-Overs-AET-AiO" } } } } } }] } } }
2024-09-01T20:02:33.635357Z TRACE ThreadId(01) config.cpp: VfsPath { path: "/addons/uvo_asia/config.cpp", fs: VFS { fs: OverlayFS { layers: [VfsPath { path: "", fs: VFS { fs: In Memory File System } }, VfsPath { path: "", fs: VFS { fs: AltrootFS { root: VfsPath { path: "", fs: VFS { fs: PhysicalFS { root: "C:\\Users\\REDWAN~1\\AppData\\Local\\Temp\\hemtt\\Arma 3 Mod Development_Unit-Voice-Overs-AET-AiO\\output" } } } } } }, VfsPath { path: "", fs: VFS { fs: AltrootFS { root: VfsPath { path: "", fs: VFS { fs: PhysicalFS { root: "C:\\Arma 3 Mod Development\\Unit-Voice-Overs-AET-AiO" } } } } } }] } } }
2024-09-01T20:02:33.782666Z TRACE ThreadId(01) config.cpp: VfsPath { path: "/addons/uvo_jp/config.cpp", fs: VFS { fs: OverlayFS { layers: [VfsPath { path: "", fs: VFS { fs: In Memory File System } }, VfsPath { path: "", fs: VFS { fs: AltrootFS { root: VfsPath { path: "", fs: VFS { fs: PhysicalFS { root: "C:\\Users\\REDWAN~1\\AppData\\Local\\Temp\\hemtt\\Arma 3 Mod Development_Unit-Voice-Overs-AET-AiO\\output" } } } } } }, VfsPath { path: "", fs: VFS { fs: AltrootFS { root: VfsPath { path: "", fs: VFS { fs: PhysicalFS { root: "C:\\Arma 3 Mod Development\\Unit-Voice-Overs-AET-AiO" } } } } } }] } } }
2024-09-01T20:02:33.783053Z TRACE ThreadId(01) Prefix: VfsPath { path: "/addons/uvo_jp/$PREFIX$", fs: VFS { fs: OverlayFS { layers: [VfsPath { path: "", fs: VFS { fs: In Memory File System } }, VfsPath { path: "", fs: VFS { fs: AltrootFS { root: VfsPath { path: "", fs: VFS { fs: PhysicalFS { root: "C:\\Users\\REDWAN~1\\AppData\\Local\\Temp\\hemtt\\Arma 3 Mod Development_Unit-Voice-Overs-AET-AiO\\output" } } } } } }, VfsPath { path: "", fs: VFS { fs: AltrootFS { root: VfsPath { path: "", fs: VFS { fs: PhysicalFS { root: "C:\\Arma 3 Mod Development\\Unit-Voice-Overs-AET-AiO" } } } } } }] } } }
2024-09-01T20:02:33.809076Z TRACE ThreadId(01) config.cpp: VfsPath { path: "/addons/uvo_arab/config.cpp", fs: VFS { fs: OverlayFS { layers: [VfsPath { path: "", fs: VFS { fs: In Memory File System } }, VfsPath { path: "", fs: VFS { fs: AltrootFS { root: VfsPath { path: "", fs: VFS { fs: PhysicalFS { root: "C:\\Users\\REDWAN~1\\AppData\\Local\\Temp\\hemtt\\Arma 3 Mod Development_Unit-Voice-Overs-AET-AiO\\output" } } } } } }, VfsPath { path: "", fs: VFS { fs: AltrootFS { root: VfsPath { path: "", fs: VFS { fs: PhysicalFS { root: "C:\\Arma 3 Mod Development\\Unit-Voice-Overs-AET-AiO" } } } } } }] } } }
2024-09-01T20:02:33.809246Z TRACE ThreadId(01) Prefix: VfsPath { path: "/addons/uvo_arab/$PREFIX$", fs: VFS { fs: OverlayFS { layers: [VfsPath { path: "", fs: VFS { fs: In Memory File System } }, VfsPath { path: "", fs: VFS { fs: AltrootFS { root: VfsPath { path: "", fs: VFS { fs: PhysicalFS { root: "C:\\Users\\REDWAN~1\\AppData\\Local\\Temp\\hemtt\\Arma 3 Mod Development_Unit-Voice-Overs-AET-AiO\\output" } } } } } }, VfsPath { path: "", fs: VFS { fs: AltrootFS { root: VfsPath { path: "", fs: VFS { fs: PhysicalFS { root: "C:\\Arma 3 Mod Development\\Unit-Voice-Overs-AET-AiO" } } } } } }] } } }
2024-09-01T20:02:34.169797Z TRACE ThreadId(01) Prefix: VfsPath { path: "/addons/uvo_fren/$PREFIX$", fs: VFS { fs: OverlayFS { layers: [VfsPath { path: "", fs: VFS { fs: In Memory File System } }, VfsPath { path: "", fs: VFS { fs: AltrootFS { root: VfsPath { path: "", fs: VFS { fs: PhysicalFS { root: "C:\\Users\\REDWAN~1\\AppData\\Local\\Temp\\hemtt\\Arma 3 Mod Development_Unit-Voice-Overs-AET-AiO\\output" } } } } } }, VfsPath { path: "", fs: VFS { fs: AltrootFS { root: VfsPath { path: "", fs: VFS { fs: PhysicalFS { root: "C:\\Arma 3 Mod Development\\Unit-Voice-Overs-AET-AiO" } } } } } }] } } }
2024-09-01T20:02:34.170372Z TRACE ThreadId(01) config.cpp: VfsPath { path: "/addons/uvo_fren/config.cpp", fs: VFS { fs: OverlayFS { layers: [VfsPath { path: "", fs: VFS { fs: In Memory File System } }, VfsPath { path: "", fs: VFS { fs: AltrootFS { root: VfsPath { path: "", fs: VFS { fs: PhysicalFS { root: "C:\\Users\\REDWAN~1\\AppData\\Local\\Temp\\hemtt\\Arma 3 Mod Development_Unit-Voice-Overs-AET-AiO\\output" } } } } } }, VfsPath { path: "", fs: VFS { fs: AltrootFS { root: VfsPath { path: "", fs: VFS { fs: PhysicalFS { root: "C:\\Arma 3 Mod Development\\Unit-Voice-Overs-AET-AiO" } } } } } }] } } }
2024-09-01T20:02:34.319660Z TRACE ThreadId(01) checking for version macro in VfsPath { path: "/addons/uvo_main/script_version.hpp", fs: VFS { fs: OverlayFS { layers: [VfsPath { path: "", fs: VFS { fs: In Memory File System } }, VfsPath { path: "", fs: VFS { fs: AltrootFS { root: VfsPath { path: "", fs: VFS { fs: PhysicalFS { root: "C:\\Users\\REDWAN~1\\AppData\\Local\\Temp\\hemtt\\Arma 3 Mod Development_Unit-Voice-Overs-AET-AiO\\output" } } } } } }, VfsPath { path: "", fs: VFS { fs: AltrootFS { root: VfsPath { path: "", fs: VFS { fs: PhysicalFS { root: "C:\\Arma 3 Mod Development\\Unit-Voice-Overs-AET-AiO" } } } } } }] } } }
2024-09-01T20:02:34.334965Z  INFO ThreadId(01) Config loaded for Unit Voice-Overs AET AiO 2.0.7.0-ce2d70e4
2024-09-01T20:02:34.335088Z TRACE ThreadId(01) Scanning C:\Arma 3 Mod Development\Unit-Voice-Overs-AET-AiO\addons for addons
2024-09-01T20:02:34.338911Z  WARN ThreadId(01) Addon name CZ is not lowercase, it is highly recommended to use lowercase names
2024-09-01T20:02:34.339146Z  WARN ThreadId(01) Addon name uvo_custom_POL is not lowercase, it is highly recommended to use lowercase names
2024-09-01T20:02:34.339400Z  INFO ThreadId(01) Creating `dev` version
2024-09-01T20:02:34.339411Z TRACE ThreadId(01) phase: init (Hooks) (start)
2024-09-01T20:02:34.339493Z TRACE ThreadId(01) no hooks folder
2024-09-01T20:02:34.339502Z TRACE ThreadId(01) phase: init (Hooks) (done)
2024-09-01T20:02:34.339506Z TRACE ThreadId(01) phase: init (Rapifier) (start)
2024-09-01T20:02:34.339510Z TRACE ThreadId(01) phase: init (Rapifier) (done)
2024-09-01T20:02:34.339514Z TRACE ThreadId(01) phase: init (SQF) (start)
2024-09-01T20:02:47.263200Z TRACE ThreadId(01) phase: init (SQF) (done)
2024-09-01T20:02:47.263222Z TRACE ThreadId(01) phase: init (ArmaScriptCompiler) (start)
2024-09-01T20:02:47.263240Z TRACE ThreadId(01) using asc folder at "C:\\Users\\REDWAN~1\\AppData\\Local\\Temp\\hemtt\\Arma 3 Mod Development_Unit-Voice-Overs-AET-AiO\\asc"
2024-09-01T20:02:47.264015Z TRACE ThreadId(01) phase: init (ArmaScriptCompiler) (done)
2024-09-01T20:02:47.264026Z TRACE ThreadId(01) phase: init (Files) (start)
2024-09-01T20:02:47.264030Z TRACE ThreadId(01) phase: init (Files) (done)
2024-09-01T20:02:47.264034Z TRACE ThreadId(01) phase: init (FilePatching) (start)
2024-09-01T20:02:47.264037Z TRACE ThreadId(01) phase: init (FilePatching) (done)
2024-09-01T20:02:47.264041Z TRACE ThreadId(01) phase: check (Hooks) (start)
2024-09-01T20:02:47.264045Z TRACE ThreadId(01) phase: check (Hooks) (done)
2024-09-01T20:02:47.264049Z TRACE ThreadId(01) phase: check (Rapifier) (start)
2024-09-01T20:02:47.264052Z TRACE ThreadId(01) phase: check (Rapifier) (done)
2024-09-01T20:02:47.264056Z TRACE ThreadId(01) phase: check (SQF) (start)
2024-09-01T20:02:47.264059Z TRACE ThreadId(01) phase: check (SQF) (done)
2024-09-01T20:02:47.264063Z TRACE ThreadId(01) phase: check (ArmaScriptCompiler) (start)
2024-09-01T20:02:47.264066Z TRACE ThreadId(01) phase: check (ArmaScriptCompiler) (done)
2024-09-01T20:02:47.264070Z TRACE ThreadId(01) phase: check (Files) (start)
2024-09-01T20:02:47.264073Z TRACE ThreadId(01) phase: check (Files) (done)
2024-09-01T20:02:47.264077Z TRACE ThreadId(01) phase: check (FilePatching) (start)
2024-09-01T20:02:47.264080Z TRACE ThreadId(01) phase: check (FilePatching) (done)
2024-09-01T20:02:47.264084Z TRACE ThreadId(01) phase: pre_build (Hooks) (start)
2024-09-01T20:02:47.264088Z TRACE ThreadId(01) phase: pre_build (Hooks) (done)
2024-09-01T20:02:47.264092Z TRACE ThreadId(01) phase: pre_build (Rapifier) (start)
2024-09-01T20:02:47.279356Z  WARN ThreadId(01) addons/CZ/Config.cpp - cpp files other than config.cpp are usually not intentional. use hpp for includes
2024-09-01T20:02:50.936835Z  INFO ThreadId(01) Rapified 11 addon configs
2024-09-01T20:02:50.936868Z TRACE ThreadId(01) phase: pre_build (Rapifier) (failed)
2024-09-01T20:02:50.958963Z TRACE ThreadId(01) writing ci annotations to .hemttout/ci_annotations.txt
2024-09-01T20:02:50.961989Z TRACE ThreadId(01) wrote 10 ci annotations to .hemttout/ci_annotations.txt
